<?xml version="1.0" encoding="UTF-8"?>
<!-- Generated by org.testng.reporters.JUnitXMLReporter -->
<testsuite hostname="DESKTOP-G98OMG9" name="Test" tests="18" failures="1" timestamp="1 Nov 2019 22:37:44 GMT" time="0.106" errors="0">
  <testcase name="carEngine" time="0.018" classname="TestPackage.Cars"/>
  <testcase name="carFeatures" time="0.002" classname="TestPackage.Cars"/>
  <testcase name="carStyle" time="0.002" classname="TestPackage.Cars"/>
  <testcase name="carType" time="0.001" classname="TestPackage.Cars"/>
  <testcase name="hondaPrice1" time="0.002" classname="TestPackage.Cars"/>
  <testcase name="testBank" time="0.002" classname="TestPackage.TestBank"/>
  <testcase name="acctDetails" time="0.001" classname="TestPackage.ValleyBank"/>
  <testcase name="creditCard" time="0.003" classname="TestPackage.ValleyBank"/>
  <testcase name="custDetails" time="0.002" classname="TestPackage.ValleyBank"/>
  <testcase name="debitCard" time="0.001" classname="TestPackage.ValleyBank"/>
  <testcase name="onlineTransaction" time="0.002" classname="TestPackage.ValleyBank"/>
  <testcase name="carEngine" time="0.002" classname="TestPackage.Honda"/>
  <testcase name="carFeatures" time="0.001" classname="TestPackage.Honda"/>
  <testcase name="carStyle" time="0.001" classname="TestPackage.Honda"/>
  <testcase name="carType" time="0.002" classname="TestPackage.Honda"/>
  <testcase name="hondaPrice1" time="0.002" classname="TestPackage.Honda"/>
  <testcase name="hondaDetails" time="0.002" classname="TestPackage.Honda">
    <failure type="java.lang.ClassCastException" message="TestPackage.Cars cannot be cast to TestPackage.Honda">
      <![CDATA[java.lang.ClassCastException: TestPackage.Cars cannot be cast to TestPackage.Honda
	at TestPackage.Honda.hondaDetails(Honda.java:28)
	at sun.reflect.NativeMethodAccessorImpl.invoke0(Native Method)
	at sun.reflect.NativeMethodAccessorImpl.invoke(Unknown Source)
	at sun.reflect.DelegatingMethodAccessorImpl.invoke(Unknown Source)
	at java.lang.reflect.Method.invoke(Unknown Source)
	at org.testng.internal.MethodInvocationHelper.invokeMethod(MethodInvocationHelper.java:80)
	at org.testng.internal.Invoker.invokeMethod(Invoker.java:714)
	at org.testng.internal.Invoker.invokeTestMethod(Invoker.java:901)
	at org.testng.internal.Invoker.invokeTestMethods(Invoker.java:1231)
	at org.testng.internal.TestMethodWorker.invokeTestMethods(TestMethodWorker.java:127)
	at org.testng.internal.TestMethodWorker.run(TestMethodWorker.java:111)
	at org.testng.TestRunner.privateRun(TestRunner.java:767)
	at org.testng.TestRunner.run(TestRunner.java:617)
	at org.testng.SuiteRunner.runTest(SuiteRunner.java:334)
	at org.testng.SuiteRunner.runSequentially(SuiteRunner.java:329)
	at org.testng.SuiteRunner.privateRun(SuiteRunner.java:291)
	at org.testng.SuiteRunner.run(SuiteRunner.java:240)
	at org.testng.SuiteRunnerWorker.runSuite(SuiteRunnerWorker.java:52)
	at org.testng.SuiteRunnerWorker.run(SuiteRunnerWorker.java:86)
	at org.testng.TestNG.runSuitesSequentially(TestNG.java:1198)
	at org.testng.TestNG.runSuitesLocally(TestNG.java:1123)
	at org.testng.TestNG.run(TestNG.java:1031)
	at org.testng.remote.AbstractRemoteTestNG.run(AbstractRemoteTestNG.java:115)
	at org.testng.remote.RemoteTestNG.initAndRun(RemoteTestNG.java:251)
	at org.testng.remote.RemoteTestNG.main(RemoteTestNG.java:77)
]]>
    </failure>
  </testcase> <!-- hondaDetails -->
  <testcase name="hondaPrice" time="0.002" classname="TestPackage.Honda"/>
</testsuite> <!-- Test -->
